[2026-05-05 12:24:31] Library grinder starting. smoke=False substrates=['brain', 'glass', 'quantum']
[2026-05-05 12:24:31] Library root: H:\mpa-central\library
[2026-05-05 12:24:31] Spec version: 1.0
[2026-05-05 12:24:31] Time grids are τ_env-anchored per operating point (time_grids_for; see LIBRARY_SPEC.md).
[2026-05-05 12:24:31] Built 60 tasks.
[2026-05-05 12:24:31]   [  1/60] brain__committed__velocity  (gt=c, τ_env_analytic=1000.0)  τ∈[50.0, 2000.0]  t_w=5000  t_obs=30000
[2026-05-05 12:24:31]   [  2/60] brain__committed__position-relative  (gt=c, τ_env_analytic=1000.0)  τ∈[50.0, 2000.0]  t_w=5000  t_obs=30000
[2026-05-05 12:24:31]   [  3/60] brain__committed__position-displacement  (gt=c, τ_env_analytic=1000.0)  τ∈[50.0, 2000.0]  t_w=5000  t_obs=30000
[2026-05-05 12:24:31]   [  4/60] brain__committed__boundary-cross  (gt=c, τ_env_analytic=1000.0)  τ∈[50.0, 2000.0]  t_w=5000  t_obs=30000
[2026-05-05 12:24:31]   [  5/60] brain__suspended__velocity  (gt=s, τ_env_analytic=300.0)  τ∈[15.0, 600.0]  t_w=1500  t_obs=9000
[2026-05-05 12:24:31]   [  6/60] brain__suspended__position-relative  (gt=s, τ_env_analytic=300.0)  τ∈[15.0, 600.0]  t_w=1500  t_obs=9000
[2026-05-05 12:24:31]   [  7/60] brain__suspended__position-displacement  (gt=s, τ_env_analytic=300.0)  τ∈[15.0, 600.0]  t_w=1500  t_obs=9000
[2026-05-05 12:24:31]   [  8/60] brain__suspended__boundary-cross  (gt=s, τ_env_analytic=300.0)  τ∈[15.0, 600.0]  t_w=1500  t_obs=9000
[2026-05-05 12:24:31]   [  9/60] brain__conflict__velocity  (gt=k, τ_env_analytic=500.0)  τ∈[25.0, 1000.0]  t_w=2500  t_obs=15000
[2026-05-05 12:24:31]   [ 10/60] brain__conflict__position-relative  (gt=k, τ_env_analytic=500.0)  τ∈[25.0, 1000.0]  t_w=2500  t_obs=15000
[2026-05-05 12:24:31]   [ 11/60] brain__conflict__position-displacement  (gt=k, τ_env_analytic=500.0)  τ∈[25.0, 1000.0]  t_w=2500  t_obs=15000
[2026-05-05 12:24:31]   [ 12/60] brain__conflict__boundary-cross  (gt=k, τ_env_analytic=500.0)  τ∈[25.0, 1000.0]  t_w=2500  t_obs=15000
[2026-05-05 12:24:31]   [ 13/60] brain__reset__velocity  (gt=r, τ_env_analytic=50.0)  τ∈[2.5, 100.0]  t_w=500  t_obs=1500
[2026-05-05 12:24:31]   [ 14/60] brain__reset__position-relative  (gt=r, τ_env_analytic=50.0)  τ∈[2.5, 100.0]  t_w=500  t_obs=1500
[2026-05-05 12:24:31]   [ 15/60] brain__reset__position-displacement  (gt=r, τ_env_analytic=50.0)  τ∈[2.5, 100.0]  t_w=500  t_obs=1500
[2026-05-05 12:24:31]   [ 16/60] brain__reset__boundary-cross  (gt=r, τ_env_analytic=50.0)  τ∈[2.5, 100.0]  t_w=500  t_obs=1500
[2026-05-05 12:24:31]   [ 17/60] glass__T0.200__spin-flip  (gt=c, τ_env_analytic=None)  τ∈[1.0, 1000.0]  t_w=500  t_obs=30000
[2026-05-05 12:24:31]   [ 18/60] glass__T0.200__spin-relative  (gt=c, τ_env_analytic=None)  τ∈[1.0, 1000.0]  t_w=500  t_obs=30000
[2026-05-05 12:24:31]   [ 19/60] glass__T0.300__spin-flip  (gt=c, τ_env_analytic=None)  τ∈[1.0, 1000.0]  t_w=500  t_obs=30000
[2026-05-05 12:24:31]   [ 20/60] glass__T0.300__spin-relative  (gt=c, τ_env_analytic=None)  τ∈[1.0, 1000.0]  t_w=500  t_obs=30000
[2026-05-05 12:24:31]   [ 21/60] glass__T0.500__spin-flip  (gt=s, τ_env_analytic=None)  τ∈[1.0, 1000.0]  t_w=500  t_obs=30000
[2026-05-05 12:24:31]   [ 22/60] glass__T0.500__spin-relative  (gt=s, τ_env_analytic=None)  τ∈[1.0, 1000.0]  t_w=500  t_obs=30000
[2026-05-05 12:24:31]   [ 23/60] glass__T0.700__spin-flip  (gt=s, τ_env_analytic=None)  τ∈[1.0, 1000.0]  t_w=500  t_obs=30000
[2026-05-05 12:24:31]   [ 24/60] glass__T0.700__spin-relative  (gt=s, τ_env_analytic=None)  τ∈[1.0, 1000.0]  t_w=500  t_obs=30000
[2026-05-05 12:24:31]   [ 25/60] glass__T0.850__spin-flip  (gt=s, τ_env_analytic=None)  τ∈[1.0, 1000.0]  t_w=500  t_obs=30000
[2026-05-05 12:24:31]   [ 26/60] glass__T0.850__spin-relative  (gt=s, τ_env_analytic=None)  τ∈[1.0, 1000.0]  t_w=500  t_obs=30000
[2026-05-05 12:24:31]   [ 27/60] glass__T0.950__spin-flip  (gt=k, τ_env_analytic=None)  τ∈[1.0, 1000.0]  t_w=500  t_obs=30000
[2026-05-05 12:24:31]   [ 28/60] glass__T0.950__spin-relative  (gt=k, τ_env_analytic=None)  τ∈[1.0, 1000.0]  t_w=500  t_obs=30000
[2026-05-05 12:24:31]   [ 29/60] glass__T1.000__spin-flip  (gt=k, τ_env_analytic=None)  τ∈[1.0, 1000.0]  t_w=500  t_obs=30000
[2026-05-05 12:24:31]   [ 30/60] glass__T1.000__spin-relative  (gt=k, τ_env_analytic=None)  τ∈[1.0, 1000.0]  t_w=500  t_obs=30000
[2026-05-05 12:24:31]   [ 31/60] glass__T1.100__spin-flip  (gt=r, τ_env_analytic=None)  τ∈[1.0, 1000.0]  t_w=500  t_obs=30000
[2026-05-05 12:24:31]   [ 32/60] glass__T1.100__spin-relative  (gt=r, τ_env_analytic=None)  τ∈[1.0, 1000.0]  t_w=500  t_obs=30000
[2026-05-05 12:24:31]   [ 33/60] glass__T1.300__spin-flip  (gt=r, τ_env_analytic=4096.0000000000055)  τ∈[204.8, 5000.0]  t_w=5000  t_obs=122880
[2026-05-05 12:24:31]   [ 34/60] glass__T1.300__spin-relative  (gt=r, τ_env_analytic=4096.0000000000055)  τ∈[204.8, 5000.0]  t_w=5000  t_obs=122880
[2026-05-05 12:24:31]   [ 35/60] glass__T1.500__spin-flip  (gt=r, τ_env_analytic=120.4272910821711)  τ∈[6.0, 240.9]  t_w=602  t_obs=3612
[2026-05-05 12:24:31]   [ 36/60] glass__T1.500__spin-relative  (gt=r, τ_env_analytic=120.4272910821711)  τ∈[6.0, 240.9]  t_w=602  t_obs=3612
[2026-05-05 12:24:31]   [ 37/60] glass__T1.800__spin-flip  (gt=r, τ_env_analytic=5.618655692729766)  τ∈[1.0, 11.2]  t_w=500  t_obs=168
[2026-05-05 12:24:31]   [ 38/60] glass__T1.800__spin-relative  (gt=r, τ_env_analytic=5.618655692729766)  τ∈[1.0, 11.2]  t_w=500  t_obs=168
[2026-05-05 12:24:31]   [ 39/60] quantum__p1e-04__detection-event  (gt=r, τ_env_analytic=10000.0)  τ∈[500.0, 5000.0]  t_w=5000  t_obs=200000
[2026-05-05 12:24:31]   [ 40/60] quantum__p1e-04__events-since-snap  (gt=r, τ_env_analytic=10000.0)  τ∈[500.0, 5000.0]  t_w=5000  t_obs=200000
[2026-05-05 12:24:31]   [ 41/60] quantum__p2e-04__detection-event  (gt=r, τ_env_analytic=5376.344086021506)  τ∈[268.8, 5000.0]  t_w=5000  t_obs=161290
[2026-05-05 12:24:31]   [ 42/60] quantum__p2e-04__events-since-snap  (gt=r, τ_env_analytic=5376.344086021506)  τ∈[268.8, 5000.0]  t_w=5000  t_obs=161290
[2026-05-05 12:24:31]   [ 43/60] quantum__p3e-04__detection-event  (gt=r, τ_env_analytic=2881.844380403458)  τ∈[144.1, 5000.0]  t_w=5000  t_obs=86455
[2026-05-05 12:24:31]   [ 44/60] quantum__p3e-04__events-since-snap  (gt=r, τ_env_analytic=2881.844380403458)  τ∈[144.1, 5000.0]  t_w=5000  t_obs=86455
[2026-05-05 12:24:31]   [ 45/60] quantum__p6e-04__detection-event  (gt=s, τ_env_analytic=1547.9876160990711)  τ∈[77.4, 3096.0]  t_w=5000  t_obs=46439
[2026-05-05 12:24:31]   [ 46/60] quantum__p6e-04__events-since-snap  (gt=s, τ_env_analytic=1547.9876160990711)  τ∈[77.4, 3096.0]  t_w=5000  t_obs=46439
[2026-05-05 12:24:31]   [ 47/60] quantum__p1e-03__detection-event  (gt=s, τ_env_analytic=831.946755407654)  τ∈[41.6, 1663.9]  t_w=4159  t_obs=24958
[2026-05-05 12:24:31]   [ 48/60] quantum__p1e-03__events-since-snap  (gt=s, τ_env_analytic=831.946755407654)  τ∈[41.6, 1663.9]  t_w=4159  t_obs=24958
[2026-05-05 12:24:31]   [ 49/60] quantum__p2e-03__detection-event  (gt=s, τ_env_analytic=446.62795891022773)  τ∈[22.3, 893.3]  t_w=2233  t_obs=13398
[2026-05-05 12:24:31]   [ 50/60] quantum__p2e-03__events-since-snap  (gt=s, τ_env_analytic=446.62795891022773)  τ∈[22.3, 893.3]  t_w=2233  t_obs=13398
[2026-05-05 12:24:31]   [ 51/60] quantum__p4e-03__detection-event  (gt=s, τ_env_analytic=239.86567522187576)  τ∈[12.0, 479.7]  t_w=1199  t_obs=7195
[2026-05-05 12:24:31]   [ 52/60] quantum__p4e-03__events-since-snap  (gt=s, τ_env_analytic=239.86567522187576)  τ∈[12.0, 479.7]  t_w=1199  t_obs=7195
[2026-05-05 12:24:31]   [ 53/60] quantum__p8e-03__detection-event  (gt=s, τ_env_analytic=128.83277505797474)  τ∈[6.4, 257.7]  t_w=644  t_obs=3864
[2026-05-05 12:24:31]   [ 54/60] quantum__p8e-03__events-since-snap  (gt=s, τ_env_analytic=128.83277505797474)  τ∈[6.4, 257.7]  t_w=644  t_obs=3864
[2026-05-05 12:24:31]   [ 55/60] quantum__p1e-02__detection-event  (gt=s, τ_env_analytic=69.18500069185001)  τ∈[3.5, 138.4]  t_w=500  t_obs=2075
[2026-05-05 12:24:31]   [ 56/60] quantum__p1e-02__events-since-snap  (gt=s, τ_env_analytic=69.18500069185001)  τ∈[3.5, 138.4]  t_w=500  t_obs=2075
[2026-05-05 12:24:31]   [ 57/60] quantum__p3e-02__detection-event  (gt=k, τ_env_analytic=37.154003343860296)  τ∈[1.9, 74.3]  t_w=500  t_obs=1114
[2026-05-05 12:24:31]   [ 58/60] quantum__p3e-02__events-since-snap  (gt=k, τ_env_analytic=37.154003343860296)  τ∈[1.9, 74.3]  t_w=500  t_obs=1114
[2026-05-05 12:24:31]   [ 59/60] quantum__p5e-02__detection-event  (gt=k, τ_env_analytic=19.952513019014745)  τ∈[1.0, 39.9]  t_w=500  t_obs=598
[2026-05-05 12:24:31]   [ 60/60] quantum__p5e-02__events-since-snap  (gt=k, τ_env_analytic=19.952513019014745)  τ∈[1.0, 39.9]  t_w=500  t_obs=598
[2026-05-05 12:24:31] Dry run complete; no tasks executed.
[2026-05-05 13:33:00] Library grinder starting. smoke=False substrates=['brain', 'glass', 'quantum']
[2026-05-05 13:33:00] Library root: H:\mpa-central\library
[2026-05-05 13:33:00] Spec version: 1.0
[2026-05-05 13:33:00] Time grids are τ_env-anchored per operating point (time_grids_for; see LIBRARY_SPEC.md).
[2026-05-05 13:33:00] Built 60 tasks.
[2026-05-05 13:33:00] [  1/60] RUN  brain__committed__velocity  (n_real=4096)
[2026-05-05 13:36:11] [  1/60] DONE brain__committed__velocity  wall=190.7s  (mean=190.7s  remaining=59  ETA=3.1h)
[2026-05-05 13:36:11] [  2/60] RUN  brain__committed__position-relative  (n_real=4096)
[2026-05-05 13:39:55] [  2/60] DONE brain__committed__position-relative  wall=224.3s  (mean=207.5s  remaining=58  ETA=3.3h)
[2026-05-05 13:39:55] [  3/60] RUN  brain__committed__position-displacement  (n_real=4096)
[2026-05-05 13:43:02] [  3/60] DONE brain__committed__position-displacement  wall=186.9s  (mean=200.6s  remaining=57  ETA=3.2h)
[2026-05-05 13:43:02] [  4/60] RUN  brain__committed__boundary-cross  (n_real=4096)
[2026-05-05 13:48:19] [  4/60] DONE brain__committed__boundary-cross  wall=317.0s  (mean=229.7s  remaining=56  ETA=3.6h)
[2026-05-05 13:48:19] [  5/60] RUN  brain__suspended__velocity  (n_real=4096)
[2026-05-05 13:49:16] [  5/60] DONE brain__suspended__velocity  wall=56.7s  (mean=195.1s  remaining=55  ETA=3.0h)
[2026-05-05 13:49:16] [  6/60] RUN  brain__suspended__position-relative  (n_real=4096)
[2026-05-05 13:50:24] [  6/60] DONE brain__suspended__position-relative  wall=67.4s  (mean=173.8s  remaining=54  ETA=2.6h)
[2026-05-05 13:50:24] [  7/60] RUN  brain__suspended__position-displacement  (n_real=4096)
[2026-05-05 13:51:20] [  7/60] DONE brain__suspended__position-displacement  wall=56.1s  (mean=157.0s  remaining=53  ETA=2.3h)
[2026-05-05 13:51:20] [  8/60] RUN  brain__suspended__boundary-cross  (n_real=4096)
[2026-05-05 13:52:30] [  8/60] DONE brain__suspended__boundary-cross  wall=70.4s  (mean=146.2s  remaining=52  ETA=2.1h)
[2026-05-05 13:52:30] [  9/60] RUN  brain__conflict__velocity  (n_real=4096)
[2026-05-05 13:54:05] [  9/60] DONE brain__conflict__velocity  wall=94.4s  (mean=140.4s  remaining=51  ETA=2.0h)
[2026-05-05 13:54:05] [ 10/60] RUN  brain__conflict__position-relative  (n_real=4096)
[2026-05-05 13:55:56] [ 10/60] DONE brain__conflict__position-relative  wall=111.9s  (mean=137.6s  remaining=50  ETA=1.9h)
[2026-05-05 13:55:56] [ 11/60] RUN  brain__conflict__position-displacement  (n_real=4096)
[2026-05-05 13:57:30] [ 11/60] DONE brain__conflict__position-displacement  wall=93.1s  (mean=133.5s  remaining=49  ETA=1.8h)
[2026-05-05 13:57:30] [ 12/60] RUN  brain__conflict__boundary-cross  (n_real=4096)
[2026-05-05 13:59:38] [ 12/60] DONE brain__conflict__boundary-cross  wall=128.3s  (mean=133.1s  remaining=48  ETA=1.8h)
[2026-05-05 13:59:38] [ 13/60] RUN  brain__reset__velocity  (n_real=4096)
[2026-05-05 13:59:48] [ 13/60] DONE brain__reset__velocity  wall=10.1s  (mean=123.6s  remaining=47  ETA=1.6h)
[2026-05-05 13:59:48] [ 14/60] RUN  brain__reset__position-relative  (n_real=4096)
[2026-05-05 14:00:00] [ 14/60] DONE brain__reset__position-relative  wall=11.6s  (mean=115.6s  remaining=46  ETA=1.5h)
[2026-05-05 14:00:00] [ 15/60] RUN  brain__reset__position-displacement  (n_real=4096)
[2026-05-05 14:00:09] [ 15/60] DONE brain__reset__position-displacement  wall=9.9s  (mean=108.6s  remaining=45  ETA=1.4h)
[2026-05-05 14:00:09] [ 16/60] RUN  brain__reset__boundary-cross  (n_real=4096)
[2026-05-05 14:00:20] [ 16/60] DONE brain__reset__boundary-cross  wall=10.6s  (mean=102.5s  remaining=44  ETA=1.3h)
[2026-05-05 14:00:20] [ 17/60] RUN  glass__T0.200__spin-flip  (n_real=1024)
[2026-05-05 16:41:06] [ 17/60] INTERRUPTED glass__T0.200__spin-flip
[2026-05-05 16:41:06] Manifest saved; exiting.
[2026-05-05 16:43:53] Library grinder starting. smoke=False substrates=['brain', 'glass', 'quantum']
[2026-05-05 16:43:53] Library root: H:\mpa-central\library
[2026-05-05 16:43:53] Spec version: 1.0
[2026-05-05 16:43:53] Time grids are τ_env-anchored per operating point (time_grids_for; see LIBRARY_SPEC.md).
[2026-05-05 16:43:53] Built 60 tasks.
[2026-05-05 16:43:53] [  1/60] SKIP done: brain__committed__velocity
[2026-05-05 16:43:53] [  2/60] SKIP done: brain__committed__position-relative
[2026-05-05 16:43:53] [  3/60] SKIP done: brain__committed__position-displacement
[2026-05-05 16:43:53] [  4/60] SKIP done: brain__committed__boundary-cross
[2026-05-05 16:43:53] [  5/60] SKIP done: brain__suspended__velocity
[2026-05-05 16:43:53] [  6/60] SKIP done: brain__suspended__position-relative
[2026-05-05 16:43:53] [  7/60] SKIP done: brain__suspended__position-displacement
[2026-05-05 16:43:53] [  8/60] SKIP done: brain__suspended__boundary-cross
[2026-05-05 16:43:53] [  9/60] SKIP done: brain__conflict__velocity
[2026-05-05 16:43:53] [ 10/60] SKIP done: brain__conflict__position-relative
[2026-05-05 16:43:53] [ 11/60] SKIP done: brain__conflict__position-displacement
[2026-05-05 16:43:53] [ 12/60] SKIP done: brain__conflict__boundary-cross
[2026-05-05 16:43:53] [ 13/60] SKIP done: brain__reset__velocity
[2026-05-05 16:43:53] [ 14/60] SKIP done: brain__reset__position-relative
[2026-05-05 16:43:53] [ 15/60] SKIP done: brain__reset__position-displacement
[2026-05-05 16:43:53] [ 16/60] SKIP done: brain__reset__boundary-cross
[2026-05-05 16:43:53] [ 17/60] RUN  glass__T0.200__spin-flip  (n_real=1024)
[2026-05-05 17:32:07] [ 17/60] DONE glass__T0.200__spin-flip  wall=2894.3s  (mean=2894.3s  remaining=43  ETA=34.6h)
[2026-05-05 17:32:07] [ 18/60] RUN  glass__T0.200__spin-relative  (n_real=1024)
[2026-05-05 18:08:34] [ 18/60] DONE glass__T0.200__spin-relative  wall=2186.7s  (mean=2540.5s  remaining=42  ETA=29.6h)
[2026-05-05 18:08:34] [ 19/60] RUN  glass__T0.300__spin-flip  (n_real=1024)
[2026-05-05 18:56:44] [ 19/60] DONE glass__T0.300__spin-flip  wall=2890.2s  (mean=2657.1s  remaining=41  ETA=30.3h)
[2026-05-05 18:56:44] [ 20/60] RUN  glass__T0.300__spin-relative  (n_real=1024)
[2026-05-05 19:32:32] [ 20/60] DONE glass__T0.300__spin-relative  wall=2147.6s  (mean=2529.7s  remaining=40  ETA=28.1h)
[2026-05-05 19:32:32] [ 21/60] RUN  glass__T0.500__spin-flip  (n_real=1024)
[2026-05-05 20:16:44] [ 21/60] DONE glass__T0.500__spin-flip  wall=2651.5s  (mean=2554.1s  remaining=39  ETA=27.7h)
[2026-05-05 20:16:44] [ 22/60] RUN  glass__T0.500__spin-relative  (n_real=1024)
[2026-05-05 21:47:35] [ 22/60] DONE glass__T0.500__spin-relative  wall=5451.4s  (mean=3037.0s  remaining=38  ETA=32.1h)
[2026-05-05 21:47:35] [ 23/60] RUN  glass__T0.700__spin-flip  (n_real=1024)
[2026-05-06 00:11:18] [ 23/60] DONE glass__T0.700__spin-flip  wall=8623.0s  (mean=3835.0s  remaining=37  ETA=39.4h)
[2026-05-06 00:11:18] [ 24/60] RUN  glass__T0.700__spin-relative  (n_real=1024)
[2026-05-06 01:32:55] [ 24/60] DONE glass__T0.700__spin-relative  wall=4896.9s  (mean=3967.7s  remaining=36  ETA=39.7h)
[2026-05-06 01:32:55] [ 25/60] RUN  glass__T0.850__spin-flip  (n_real=1024)
[2026-05-06 02:11:22] [ 25/60] DONE glass__T0.850__spin-flip  wall=2307.1s  (mean=3783.2s  remaining=35  ETA=36.8h)
[2026-05-06 02:11:22] [ 26/60] RUN  glass__T0.850__spin-relative  (n_real=1024)
[2026-05-06 03:14:40] [ 26/60] DONE glass__T0.850__spin-relative  wall=3797.4s  (mean=3784.6s  remaining=34  ETA=35.7h)
[2026-05-06 03:14:40] [ 27/60] RUN  glass__T0.950__spin-flip  (n_real=1024)
[2026-05-06 04:37:12] [ 27/60] DONE glass__T0.950__spin-flip  wall=4952.7s  (mean=3890.8s  remaining=33  ETA=35.7h)
[2026-05-06 04:37:12] [ 28/60] RUN  glass__T0.950__spin-relative  (n_real=1024)
[2026-05-06 05:58:12] [ 28/60] DONE glass__T0.950__spin-relative  wall=4859.9s  (mean=3971.6s  remaining=32  ETA=35.3h)
[2026-05-06 05:58:12] [ 29/60] RUN  glass__T1.000__spin-flip  (n_real=1024)
[2026-05-06 06:56:20] [ 29/60] DONE glass__T1.000__spin-flip  wall=3487.7s  (mean=3934.3s  remaining=31  ETA=33.9h)
[2026-05-06 06:56:20] [ 30/60] RUN  glass__T1.000__spin-relative  (n_real=1024)
[2026-05-06 07:32:28] [ 30/60] DONE glass__T1.000__spin-relative  wall=2168.4s  (mean=3808.2s  remaining=30  ETA=31.7h)
[2026-05-06 07:32:28] [ 31/60] RUN  glass__T1.100__spin-flip  (n_real=1024)
[2026-05-06 08:07:04] [ 31/60] DONE glass__T1.100__spin-flip  wall=2075.8s  (mean=3692.7s  remaining=29  ETA=29.7h)
[2026-05-06 08:07:04] [ 32/60] RUN  glass__T1.100__spin-relative  (n_real=1024)
[2026-05-06 08:43:32] [ 32/60] DONE glass__T1.100__spin-relative  wall=2187.8s  (mean=3598.7s  remaining=28  ETA=28.0h)
[2026-05-06 08:43:32] [ 33/60] RUN  glass__T1.300__spin-flip  (n_real=1024)
[2026-05-06 11:09:27] [ 33/60] DONE glass__T1.300__spin-flip  wall=8755.1s  (mean=3902.0s  remaining=27  ETA=29.3h)
[2026-05-06 11:09:27] [ 34/60] RUN  glass__T1.300__spin-relative  (n_real=1024)
[2026-05-06 13:36:55] [ 34/60] DONE glass__T1.300__spin-relative  wall=8848.2s  (mean=4176.8s  remaining=26  ETA=30.2h)
[2026-05-06 13:36:55] [ 35/60] RUN  glass__T1.500__spin-flip  (n_real=1024)
[2026-05-06 13:41:16] [ 35/60] DONE glass__T1.500__spin-flip  wall=260.3s  (mean=3970.6s  remaining=25  ETA=27.6h)
[2026-05-06 13:41:16] [ 36/60] RUN  glass__T1.500__spin-relative  (n_real=1024)
[2026-05-06 13:45:47] [ 36/60] DONE glass__T1.500__spin-relative  wall=270.9s  (mean=3785.7s  remaining=24  ETA=25.2h)
[2026-05-06 13:45:47] [ 37/60] RUN  glass__T1.800__spin-flip  (n_real=1024)
[2026-05-06 13:46:10] [ 37/60] DONE glass__T1.800__spin-flip  wall=23.2s  (mean=3606.5s  remaining=23  ETA=23.0h)
[2026-05-06 13:46:10] [ 38/60] RUN  glass__T1.800__spin-relative  (n_real=1024)
[2026-05-06 13:46:30] [ 38/60] DONE glass__T1.800__spin-relative  wall=19.7s  (mean=3443.5s  remaining=22  ETA=21.0h)
[2026-05-06 13:46:30] [ 39/60] RUN  quantum__p1e-04__detection-event  (n_real=16384)
[2026-05-06 13:47:36] WARN: Worker failed on seed 1 - Realization 1 failed: Unable to allocate 1.56 GiB for an array with shape (1024, 8, 204999) and data type int8
Traceback (most recent call last):
  File "H:\mpa-central\library\grind_library.py", line 537, in _external_worker
    for ev in fn(**kwargs):
              ^^^^^^^^^^^^
  File "H:\mpc-quantum\mpc_quantum_packs\measurements.py", line 293, in multi_window_fdr_iter
    ev_pert = reshape_events(de_pert)
              ^^^^^^^^^^^^^^^^^^^^^^^
  File "H:\mpc-quantum\mpc_quantum_packs\measurements.py", line 284, in reshape_events
    out = np.zeros(
          ^^^^^^^^^
numpy._core._exceptions._ArrayMemoryError: Unable to allocate 1.56 GiB for an array with shape (1024, 8, 204999) and data type int8

[2026-05-06 13:55:45] [ 39/60] DONE quantum__p1e-04__detection-event  wall=555.5s  (mean=3317.9s  remaining=21  ETA=19.4h)
[2026-05-06 13:55:45] [ 40/60] RUN  quantum__p1e-04__events-since-snap  (n_real=16384)
[2026-05-06 13:56:09] WARN: Worker failed on seed 0 - Realization 0 failed: Unable to allocate 1.75 GiB for an array with shape (1024, 8, 229999) and data type int8
Traceback (most recent call last):
  File "H:\mpa-central\library\grind_library.py", line 537, in _external_worker
    for ev in fn(**kwargs):
              ^^^^^^^^^^^^
  File "H:\mpc-quantum\mpc_quantum_packs\measurements.py", line 292, in multi_window_fdr_iter
    ev_base = reshape_events(de_base)
              ^^^^^^^^^^^^^^^^^^^^^^^
  File "H:\mpc-quantum\mpc_quantum_packs\measurements.py", line 284, in reshape_events
    out = np.zeros(
          ^^^^^^^^^
numpy._core._exceptions._ArrayMemoryError: Unable to allocate 1.75 GiB for an array with shape (1024, 8, 229999) and data type int8

[2026-05-06 13:56:58] WARN: Worker failed on seed 15 - Realization 15 failed: Unable to allocate 1.75 GiB for an array with shape (1024, 8, 229999) and data type int8
Traceback (most recent call last):
  File "H:\mpa-central\library\grind_library.py", line 537, in _external_worker
    for ev in fn(**kwargs):
              ^^^^^^^^^^^^
  File "H:\mpc-quantum\mpc_quantum_packs\measurements.py", line 293, in multi_window_fdr_iter
    ev_pert = reshape_events(de_pert)
              ^^^^^^^^^^^^^^^^^^^^^^^
  File "H:\mpc-quantum\mpc_quantum_packs\measurements.py", line 284, in reshape_events
    out = np.zeros(
          ^^^^^^^^^
numpy._core._exceptions._ArrayMemoryError: Unable to allocate 1.75 GiB for an array with shape (1024, 8, 229999) and data type int8

[2026-05-06 14:04:17] [ 40/60] DONE quantum__p1e-04__events-since-snap  wall=511.9s  (mean=3201.0s  remaining=20  ETA=17.8h)
[2026-05-06 14:04:17] [ 41/60] RUN  quantum__p2e-04__detection-event  (n_real=16384)
[2026-05-06 14:12:15] [ 41/60] DONE quantum__p2e-04__detection-event  wall=477.8s  (mean=3092.0s  remaining=19  ETA=16.3h)
[2026-05-06 14:12:15] [ 42/60] RUN  quantum__p2e-04__events-since-snap  (n_real=16384)
[2026-05-06 14:13:10] WARN: Worker failed on seed 14 - Realization 14 failed: Unable to allocate 1.46 GiB for an array with shape (1024, 8, 191289) and data type int8
Traceback (most recent call last):
  File "H:\mpa-central\library\grind_library.py", line 537, in _external_worker
    for ev in fn(**kwargs):
              ^^^^^^^^^^^^
  File "H:\mpc-quantum\mpc_quantum_packs\measurements.py", line 293, in multi_window_fdr_iter
    ev_pert = reshape_events(de_pert)
              ^^^^^^^^^^^^^^^^^^^^^^^
  File "H:\mpc-quantum\mpc_quantum_packs\measurements.py", line 284, in reshape_events
    out = np.zeros(
          ^^^^^^^^^
numpy._core._exceptions._ArrayMemoryError: Unable to allocate 1.46 GiB for an array with shape (1024, 8, 191289) and data type int8

[2026-05-06 14:13:10] WARN: Worker failed on seed 9 - Realization 9 failed: Unable to allocate 1.46 GiB for an array with shape (1024, 8, 191289) and data type int8
Traceback (most recent call last):
  File "H:\mpa-central\library\grind_library.py", line 537, in _external_worker
    for ev in fn(**kwargs):
              ^^^^^^^^^^^^
  File "H:\mpc-quantum\mpc_quantum_packs\measurements.py", line 293, in multi_window_fdr_iter
    ev_pert = reshape_events(de_pert)
              ^^^^^^^^^^^^^^^^^^^^^^^
  File "H:\mpc-quantum\mpc_quantum_packs\measurements.py", line 284, in reshape_events
    out = np.zeros(
          ^^^^^^^^^
numpy._core._exceptions._ArrayMemoryError: Unable to allocate 1.46 GiB for an array with shape (1024, 8, 191289) and data type int8

[2026-05-06 14:13:10] WARN: Worker failed on seed 2 - Realization 2 failed: Unable to allocate 187. MiB for an array with shape (191289, 1024) and data type bool
Traceback (most recent call last):
  File "H:\mpa-central\library\grind_library.py", line 537, in _external_worker
    for ev in fn(**kwargs):
              ^^^^^^^^^^^^
  File "H:\mpc-quantum\mpc_quantum_packs\measurements.py", line 293, in multi_window_fdr_iter
    ev_pert = reshape_events(de_pert)
              ^^^^^^^^^^^^^^^^^^^^^^^
  File "H:\mpc-quantum\mpc_quantum_packs\measurements.py", line 289, in reshape_events
    out[:, k, :] = de[:, idx].astype(np.int8)
                   ~~^^^^^^^^
numpy._core._exceptions._ArrayMemoryError: Unable to allocate 187. MiB for an array with shape (191289, 1024) and data type bool

[2026-05-06 14:18:23] [ 42/60] DONE quantum__p2e-04__events-since-snap  wall=367.6s  (mean=2987.3s  remaining=18  ETA=14.9h)
[2026-05-06 14:18:23] [ 43/60] RUN  quantum__p3e-04__detection-event  (n_real=16384)
[2026-05-06 14:22:49] [ 43/60] DONE quantum__p3e-04__detection-event  wall=266.7s  (mean=2886.5s  remaining=17  ETA=13.6h)
[2026-05-06 14:22:49] [ 44/60] RUN  quantum__p3e-04__events-since-snap  (n_real=16384)
[2026-05-06 14:27:30] [ 44/60] DONE quantum__p3e-04__events-since-snap  wall=280.7s  (mean=2793.4s  remaining=16  ETA=12.4h)
[2026-05-06 14:27:30] [ 45/60] RUN  quantum__p6e-04__detection-event  (n_real=16384)
[2026-05-06 14:29:52] [ 45/60] DONE quantum__p6e-04__detection-event  wall=141.7s  (mean=2702.0s  remaining=15  ETA=11.3h)
[2026-05-06 14:29:52] [ 46/60] RUN  quantum__p6e-04__events-since-snap  (n_real=16384)
[2026-05-06 14:32:29] [ 46/60] DONE quantum__p6e-04__events-since-snap  wall=156.8s  (mean=2617.2s  remaining=14  ETA=10.2h)
[2026-05-06 14:32:29] [ 47/60] RUN  quantum__p1e-03__detection-event  (n_real=16384)
[2026-05-06 14:33:39] [ 47/60] DONE quantum__p1e-03__detection-event  wall=70.1s  (mean=2535.0s  remaining=13  ETA=9.2h)
[2026-05-06 14:33:39] [ 48/60] RUN  quantum__p1e-03__events-since-snap  (n_real=16384)
[2026-05-06 14:34:54] [ 48/60] DONE quantum__p1e-03__events-since-snap  wall=74.9s  (mean=2458.1s  remaining=12  ETA=8.2h)
[2026-05-06 14:34:54] [ 49/60] RUN  quantum__p2e-03__detection-event  (n_real=16384)
[2026-05-06 14:35:26] [ 49/60] DONE quantum__p2e-03__detection-event  wall=32.1s  (mean=2384.6s  remaining=11  ETA=7.3h)
[2026-05-06 14:35:26] [ 50/60] RUN  quantum__p2e-03__events-since-snap  (n_real=16384)
[2026-05-06 14:35:59] [ 50/60] DONE quantum__p2e-03__events-since-snap  wall=32.9s  (mean=2315.4s  remaining=10  ETA=6.4h)
[2026-05-06 14:35:59] [ 51/60] RUN  quantum__p4e-03__detection-event  (n_real=16384)
[2026-05-06 14:36:16] [ 51/60] DONE quantum__p4e-03__detection-event  wall=17.4s  (mean=2249.8s  remaining=9  ETA=5.6h)
[2026-05-06 14:36:16] [ 52/60] RUN  quantum__p4e-03__events-since-snap  (n_real=16384)
[2026-05-06 14:36:35] [ 52/60] DONE quantum__p4e-03__events-since-snap  wall=18.5s  (mean=2187.8s  remaining=8  ETA=4.9h)
[2026-05-06 14:36:35] [ 53/60] RUN  quantum__p8e-03__detection-event  (n_real=16384)
[2026-05-06 14:36:44] [ 53/60] DONE quantum__p8e-03__detection-event  wall=9.6s  (mean=2128.9s  remaining=7  ETA=4.1h)
[2026-05-06 14:36:44] [ 54/60] RUN  quantum__p8e-03__events-since-snap  (n_real=16384)
[2026-05-06 14:36:53] [ 54/60] DONE quantum__p8e-03__events-since-snap  wall=8.5s  (mean=2073.1s  remaining=6  ETA=3.5h)
[2026-05-06 14:36:53] [ 55/60] RUN  quantum__p1e-02__detection-event  (n_real=16384)
[2026-05-06 14:36:57] [ 55/60] DONE quantum__p1e-02__detection-event  wall=4.3s  (mean=2020.1s  remaining=5  ETA=2.8h)
[2026-05-06 14:36:57] [ 56/60] RUN  quantum__p1e-02__events-since-snap  (n_real=16384)
[2026-05-06 14:37:01] [ 56/60] DONE quantum__p1e-02__events-since-snap  wall=3.9s  (mean=1969.7s  remaining=4  ETA=2.2h)
[2026-05-06 14:37:01] [ 57/60] RUN  quantum__p3e-02__detection-event  (n_real=16384)
[2026-05-06 14:37:04] [ 57/60] DONE quantum__p3e-02__detection-event  wall=2.5s  (mean=1921.7s  remaining=3  ETA=1.6h)
[2026-05-06 14:37:04] [ 58/60] RUN  quantum__p3e-02__events-since-snap  (n_real=16384)
[2026-05-06 14:37:06] [ 58/60] DONE quantum__p3e-02__events-since-snap  wall=2.0s  (mean=1876.0s  remaining=2  ETA=1.0h)
[2026-05-06 14:37:06] [ 59/60] RUN  quantum__p5e-02__detection-event  (n_real=16384)
[2026-05-06 14:37:07] [ 59/60] DONE quantum__p5e-02__detection-event  wall=1.7s  (mean=1832.4s  remaining=1  ETA=0.5h)
[2026-05-06 14:37:07] [ 60/60] RUN  quantum__p5e-02__events-since-snap  (n_real=16384)
[2026-05-06 14:37:09] [ 60/60] DONE quantum__p5e-02__events-since-snap  wall=1.3s  (mean=1790.8s  remaining=0  ETA=0.0h)
[2026-05-06 14:37:09] GRIND COMPLETE.  succeeded=44  failed=0  skipped=16
[2026-05-06 14:37:09]   total wall on succeeded: 21.89h
[2026-05-06 14:37:09]   mean wall per task: 1790.8s
[2026-05-19 14:25:19] Library grinder starting. smoke=False substrates=['brain', 'glass', 'quantum']
[2026-05-19 14:25:19] Library root: H:\mpa-central\library
[2026-05-19 14:25:19] Spec version: 1.0
[2026-05-19 14:25:19] Time grids are τ_env-anchored per operating point (time_grids_for; see LIBRARY_SPEC.md).
[2026-05-19 14:25:19] Built 60 tasks.
[2026-05-19 14:25:19]   [  1/60] brain__committed__velocity  (gt=c, τ_env_analytic=1000.0)  τ∈[50.0, 2000.0]  t_w=5000  t_obs=30000
[2026-05-19 14:25:19]   [  2/60] brain__committed__position-relative  (gt=c, τ_env_analytic=1000.0)  τ∈[50.0, 2000.0]  t_w=5000  t_obs=30000
[2026-05-19 14:25:19]   [  3/60] brain__committed__position-displacement  (gt=c, τ_env_analytic=1000.0)  τ∈[50.0, 2000.0]  t_w=5000  t_obs=30000
[2026-05-19 14:25:19]   [  4/60] brain__committed__boundary-cross  (gt=c, τ_env_analytic=1000.0)  τ∈[50.0, 2000.0]  t_w=5000  t_obs=30000
[2026-05-19 14:25:19]   [  5/60] brain__suspended__velocity  (gt=s, τ_env_analytic=300.0)  τ∈[15.0, 600.0]  t_w=1500  t_obs=9000
[2026-05-19 14:25:19]   [  6/60] brain__suspended__position-relative  (gt=s, τ_env_analytic=300.0)  τ∈[15.0, 600.0]  t_w=1500  t_obs=9000
[2026-05-19 14:25:19]   [  7/60] brain__suspended__position-displacement  (gt=s, τ_env_analytic=300.0)  τ∈[15.0, 600.0]  t_w=1500  t_obs=9000
[2026-05-19 14:25:19]   [  8/60] brain__suspended__boundary-cross  (gt=s, τ_env_analytic=300.0)  τ∈[15.0, 600.0]  t_w=1500  t_obs=9000
[2026-05-19 14:25:19]   [  9/60] brain__conflict__velocity  (gt=k, τ_env_analytic=500.0)  τ∈[25.0, 1000.0]  t_w=2500  t_obs=15000
[2026-05-19 14:25:19]   [ 10/60] brain__conflict__position-relative  (gt=k, τ_env_analytic=500.0)  τ∈[25.0, 1000.0]  t_w=2500  t_obs=15000
[2026-05-19 14:25:19]   [ 11/60] brain__conflict__position-displacement  (gt=k, τ_env_analytic=500.0)  τ∈[25.0, 1000.0]  t_w=2500  t_obs=15000
[2026-05-19 14:25:19]   [ 12/60] brain__conflict__boundary-cross  (gt=k, τ_env_analytic=500.0)  τ∈[25.0, 1000.0]  t_w=2500  t_obs=15000
[2026-05-19 14:25:19]   [ 13/60] brain__reset__velocity  (gt=r, τ_env_analytic=50.0)  τ∈[2.5, 100.0]  t_w=500  t_obs=1500
[2026-05-19 14:25:19]   [ 14/60] brain__reset__position-relative  (gt=r, τ_env_analytic=50.0)  τ∈[2.5, 100.0]  t_w=500  t_obs=1500
[2026-05-19 14:25:19]   [ 15/60] brain__reset__position-displacement  (gt=r, τ_env_analytic=50.0)  τ∈[2.5, 100.0]  t_w=500  t_obs=1500
[2026-05-19 14:25:19]   [ 16/60] brain__reset__boundary-cross  (gt=r, τ_env_analytic=50.0)  τ∈[2.5, 100.0]  t_w=500  t_obs=1500
[2026-05-19 14:25:19]   [ 17/60] glass__T0.200__spin-flip  (gt=c, τ_env_analytic=None)  τ∈[1.0, 1000.0]  t_w=500  t_obs=30000
[2026-05-19 14:25:19]   [ 18/60] glass__T0.200__spin-relative  (gt=c, τ_env_analytic=None)  τ∈[1.0, 1000.0]  t_w=500  t_obs=30000
[2026-05-19 14:25:19]   [ 19/60] glass__T0.300__spin-flip  (gt=c, τ_env_analytic=None)  τ∈[1.0, 1000.0]  t_w=500  t_obs=30000
[2026-05-19 14:25:19]   [ 20/60] glass__T0.300__spin-relative  (gt=c, τ_env_analytic=None)  τ∈[1.0, 1000.0]  t_w=500  t_obs=30000
[2026-05-19 14:25:19]   [ 21/60] glass__T0.500__spin-flip  (gt=s, τ_env_analytic=None)  τ∈[1.0, 1000.0]  t_w=500  t_obs=30000
[2026-05-19 14:25:19]   [ 22/60] glass__T0.500__spin-relative  (gt=s, τ_env_analytic=None)  τ∈[1.0, 1000.0]  t_w=500  t_obs=30000
[2026-05-19 14:25:19]   [ 23/60] glass__T0.700__spin-flip  (gt=s, τ_env_analytic=None)  τ∈[1.0, 1000.0]  t_w=500  t_obs=30000
[2026-05-19 14:25:19]   [ 24/60] glass__T0.700__spin-relative  (gt=s, τ_env_analytic=None)  τ∈[1.0, 1000.0]  t_w=500  t_obs=30000
[2026-05-19 14:25:19]   [ 25/60] glass__T0.850__spin-flip  (gt=s, τ_env_analytic=None)  τ∈[1.0, 1000.0]  t_w=500  t_obs=30000
[2026-05-19 14:25:19]   [ 26/60] glass__T0.850__spin-relative  (gt=s, τ_env_analytic=None)  τ∈[1.0, 1000.0]  t_w=500  t_obs=30000
[2026-05-19 14:25:19]   [ 27/60] glass__T0.950__spin-flip  (gt=k, τ_env_analytic=None)  τ∈[1.0, 1000.0]  t_w=500  t_obs=30000
[2026-05-19 14:25:19]   [ 28/60] glass__T0.950__spin-relative  (gt=k, τ_env_analytic=None)  τ∈[1.0, 1000.0]  t_w=500  t_obs=30000
[2026-05-19 14:25:19]   [ 29/60] glass__T1.000__spin-flip  (gt=k, τ_env_analytic=None)  τ∈[1.0, 1000.0]  t_w=500  t_obs=30000
[2026-05-19 14:25:19]   [ 30/60] glass__T1.000__spin-relative  (gt=k, τ_env_analytic=None)  τ∈[1.0, 1000.0]  t_w=500  t_obs=30000
[2026-05-19 14:25:19]   [ 31/60] glass__T1.100__spin-flip  (gt=r, τ_env_analytic=None)  τ∈[1.0, 1000.0]  t_w=500  t_obs=30000
[2026-05-19 14:25:19]   [ 32/60] glass__T1.100__spin-relative  (gt=r, τ_env_analytic=None)  τ∈[1.0, 1000.0]  t_w=500  t_obs=30000
[2026-05-19 14:25:19]   [ 33/60] glass__T1.300__spin-flip  (gt=r, τ_env_analytic=4096.0000000000055)  τ∈[204.8, 5000.0]  t_w=5000  t_obs=122880
[2026-05-19 14:25:19]   [ 34/60] glass__T1.300__spin-relative  (gt=r, τ_env_analytic=4096.0000000000055)  τ∈[204.8, 5000.0]  t_w=5000  t_obs=122880
[2026-05-19 14:25:19]   [ 35/60] glass__T1.500__spin-flip  (gt=r, τ_env_analytic=120.4272910821711)  τ∈[6.0, 240.9]  t_w=602  t_obs=3612
[2026-05-19 14:25:19]   [ 36/60] glass__T1.500__spin-relative  (gt=r, τ_env_analytic=120.4272910821711)  τ∈[6.0, 240.9]  t_w=602  t_obs=3612
[2026-05-19 14:25:19]   [ 37/60] glass__T1.800__spin-flip  (gt=r, τ_env_analytic=5.618655692729766)  τ∈[1.0, 11.2]  t_w=500  t_obs=168
[2026-05-19 14:25:19]   [ 38/60] glass__T1.800__spin-relative  (gt=r, τ_env_analytic=5.618655692729766)  τ∈[1.0, 11.2]  t_w=500  t_obs=168
[2026-05-19 14:25:19]   [ 39/60] quantum__p1e-04__detection-event  (gt=r, τ_env_analytic=10000.0)  τ∈[500.0, 5000.0]  t_w=5000  t_obs=200000
[2026-05-19 14:25:19]   [ 40/60] quantum__p1e-04__events-since-snap  (gt=r, τ_env_analytic=10000.0)  τ∈[500.0, 5000.0]  t_w=5000  t_obs=200000
[2026-05-19 14:25:19]   [ 41/60] quantum__p2e-04__detection-event  (gt=r, τ_env_analytic=5376.344086021506)  τ∈[268.8, 5000.0]  t_w=5000  t_obs=161290
[2026-05-19 14:25:19]   [ 42/60] quantum__p2e-04__events-since-snap  (gt=r, τ_env_analytic=5376.344086021506)  τ∈[268.8, 5000.0]  t_w=5000  t_obs=161290
[2026-05-19 14:25:19]   [ 43/60] quantum__p3e-04__detection-event  (gt=r, τ_env_analytic=2881.844380403458)  τ∈[144.1, 5000.0]  t_w=5000  t_obs=86455
[2026-05-19 14:25:19]   [ 44/60] quantum__p3e-04__events-since-snap  (gt=r, τ_env_analytic=2881.844380403458)  τ∈[144.1, 5000.0]  t_w=5000  t_obs=86455
[2026-05-19 14:25:19]   [ 45/60] quantum__p6e-04__detection-event  (gt=s, τ_env_analytic=1547.9876160990711)  τ∈[77.4, 3096.0]  t_w=5000  t_obs=46439
[2026-05-19 14:25:19]   [ 46/60] quantum__p6e-04__events-since-snap  (gt=s, τ_env_analytic=1547.9876160990711)  τ∈[77.4, 3096.0]  t_w=5000  t_obs=46439
[2026-05-19 14:25:19]   [ 47/60] quantum__p1e-03__detection-event  (gt=s, τ_env_analytic=831.946755407654)  τ∈[41.6, 1663.9]  t_w=4159  t_obs=24958
[2026-05-19 14:25:19]   [ 48/60] quantum__p1e-03__events-since-snap  (gt=s, τ_env_analytic=831.946755407654)  τ∈[41.6, 1663.9]  t_w=4159  t_obs=24958
[2026-05-19 14:25:19]   [ 49/60] quantum__p2e-03__detection-event  (gt=s, τ_env_analytic=446.62795891022773)  τ∈[22.3, 893.3]  t_w=2233  t_obs=13398
[2026-05-19 14:25:19]   [ 50/60] quantum__p2e-03__events-since-snap  (gt=s, τ_env_analytic=446.62795891022773)  τ∈[22.3, 893.3]  t_w=2233  t_obs=13398
[2026-05-19 14:25:19]   [ 51/60] quantum__p4e-03__detection-event  (gt=s, τ_env_analytic=239.86567522187576)  τ∈[12.0, 479.7]  t_w=1199  t_obs=7195
[2026-05-19 14:25:19]   [ 52/60] quantum__p4e-03__events-since-snap  (gt=s, τ_env_analytic=239.86567522187576)  τ∈[12.0, 479.7]  t_w=1199  t_obs=7195
[2026-05-19 14:25:19]   [ 53/60] quantum__p8e-03__detection-event  (gt=s, τ_env_analytic=128.83277505797474)  τ∈[6.4, 257.7]  t_w=644  t_obs=3864
[2026-05-19 14:25:19]   [ 54/60] quantum__p8e-03__events-since-snap  (gt=s, τ_env_analytic=128.83277505797474)  τ∈[6.4, 257.7]  t_w=644  t_obs=3864
[2026-05-19 14:25:19]   [ 55/60] quantum__p1e-02__detection-event  (gt=s, τ_env_analytic=69.18500069185001)  τ∈[3.5, 138.4]  t_w=500  t_obs=2075
[2026-05-19 14:25:19]   [ 56/60] quantum__p1e-02__events-since-snap  (gt=s, τ_env_analytic=69.18500069185001)  τ∈[3.5, 138.4]  t_w=500  t_obs=2075
[2026-05-19 14:25:19]   [ 57/60] quantum__p3e-02__detection-event  (gt=k, τ_env_analytic=37.154003343860296)  τ∈[1.9, 74.3]  t_w=500  t_obs=1114
[2026-05-19 14:25:19]   [ 58/60] quantum__p3e-02__events-since-snap  (gt=k, τ_env_analytic=37.154003343860296)  τ∈[1.9, 74.3]  t_w=500  t_obs=1114
[2026-05-19 14:25:19]   [ 59/60] quantum__p5e-02__detection-event  (gt=k, τ_env_analytic=19.952513019014745)  τ∈[1.0, 39.9]  t_w=500  t_obs=598
[2026-05-19 14:25:19]   [ 60/60] quantum__p5e-02__events-since-snap  (gt=k, τ_env_analytic=19.952513019014745)  τ∈[1.0, 39.9]  t_w=500  t_obs=598
[2026-05-19 14:25:19] Dry run complete; no tasks executed.
